<?xml version="1.0" encoding="UTF-8"?>
<!-- Generated by org.testng.reporters.JUnitReportReporter -->
<testsuite hostname="LAPTOP-42R0MGSV" failures="0" tests="2" name="NeoStockPom_Mvn.L_ValidateNeoStockuserName" time="54.736" errors="0" timestamp="2023-02-06T16:15:09 IST" skipped="0">
  <testcase classname="NeoStockPom_Mvn.L_ValidateNeoStockuserName" name="ValidateACBalance" time="37.017"/>
  <system-out>
    <![CDATA[getting AC Balance
 AC Balance is Rs.5,00,000.00
TCValidateACBalancepassed]]>
  </system-out>
  <testcase classname="NeoStockPom_Mvn.L_ValidateNeoStockuserName" name="ValidateUserName" time="17.719"/>
  <system-out>
    <![CDATA[Actual user name is---->Hi shubham Babar
Reading data from Property File
Data is Hi shubham Babar
TCValidateUserNamepassed]]>
  </system-out>
</testsuite> <!-- NeoStockPom_Mvn.L_ValidateNeoStockuserName -->
